This is pdfTeX, Version 3.14159265-2.6-1.40.15 (TeX Live 2014/Debian) (preloaded format=pdflatex 2014.6.21)  23 JUN 2014 07:09
entering extended mode
 restricted \write18 enabled.
 %&-line parsing enabled.
**report.tex
(./report.tex
LaTeX2e <2014/05/01>
Babel <3.9k> and hyphenation patterns for 2 languages loaded.
(/usr/share/texlive/texmf-dist/tex/latex/base/book.cls
Document Class: book 2007/10/19 v1.4h Standard LaTeX document class
(/usr/share/texlive/texmf-dist/tex/latex/base/bk12.clo
File: bk12.clo 2007/10/19 v1.4h Standard LaTeX file (size option)
)
\c@part=\count79
\c@chapter=\count80
\c@section=\count81
\c@subsection=\count82
\c@subsubsection=\count83
\c@paragraph=\count84
\c@subparagraph=\count85
\c@figure=\count86
\c@table=\count87
\abovecaptionskip=\skip41
\belowcaptionskip=\skip42
\bibindent=\dimen102
)
(/usr/share/texlive/texmf-dist/tex/latex/base/inputenc.sty
Package: inputenc 2014/04/30 v1.2b Input encoding file
\inpenc@prehook=\toks14
\inpenc@posthook=\toks15

(/usr/share/texlive/texmf-dist/tex/latex/base/utf8.def
File: utf8.def 2008/04/05 v1.1m UTF-8 support for inputenc
Now handling font encoding OML ...
... no UTF-8 mapping file for font encoding OML
Now handling font encoding T1 ...
... processing UTF-8 mapping file for font encoding T1

(/usr/share/texlive/texmf-dist/tex/latex/base/t1enc.dfu
File: t1enc.dfu 2008/04/05 v1.1m UTF-8 support for inputenc
   defining Unicode char U+00A1 (decimal 161)
   defining Unicode char U+00A3 (decimal 163)
   defining Unicode char U+00AB (decimal 171)
   defining Unicode char U+00BB (decimal 187)
   defining Unicode char U+00BF (decimal 191)
   defining Unicode char U+00C0 (decimal 192)
   defining Unicode char U+00C1 (decimal 193)
   defining Unicode char U+00C2 (decimal 194)
   defining Unicode char U+00C3 (decimal 195)
   defining Unicode char U+00C4 (decimal 196)
   defining Unicode char U+00C5 (decimal 197)
   defining Unicode char U+00C6 (decimal 198)
   defining Unicode char U+00C7 (decimal 199)
   defining Unicode char U+00C8 (decimal 200)
   defining Unicode char U+00C9 (decimal 201)
   defining Unicode char U+00CA (decimal 202)
   defining Unicode char U+00CB (decimal 203)
   defining Unicode char U+00CC (decimal 204)
   defining Unicode char U+00CD (decimal 205)
   defining Unicode char U+00CE (decimal 206)
   defining Unicode char U+00CF (decimal 207)
   defining Unicode char U+00D0 (decimal 208)
   defining Unicode char U+00D1 (decimal 209)
   defining Unicode char U+00D2 (decimal 210)
   defining Unicode char U+00D3 (decimal 211)
   defining Unicode char U+00D4 (decimal 212)
   defining Unicode char U+00D5 (decimal 213)
   defining Unicode char U+00D6 (decimal 214)
   defining Unicode char U+00D8 (decimal 216)
   defining Unicode char U+00D9 (decimal 217)
   defining Unicode char U+00DA (decimal 218)
   defining Unicode char U+00DB (decimal 219)
   defining Unicode char U+00DC (decimal 220)
   defining Unicode char U+00DD (decimal 221)
   defining Unicode char U+00DE (decimal 222)
   defining Unicode char U+00DF (decimal 223)
   defining Unicode char U+00E0 (decimal 224)
   defining Unicode char U+00E1 (decimal 225)
   defining Unicode char U+00E2 (decimal 226)
   defining Unicode char U+00E3 (decimal 227)
   defining Unicode char U+00E4 (decimal 228)
   defining Unicode char U+00E5 (decimal 229)
   defining Unicode char U+00E6 (decimal 230)
   defining Unicode char U+00E7 (decimal 231)
   defining Unicode char U+00E8 (decimal 232)
   defining Unicode char U+00E9 (decimal 233)
   defining Unicode char U+00EA (decimal 234)
   defining Unicode char U+00EB (decimal 235)
   defining Unicode char U+00EC (decimal 236)
   defining Unicode char U+00ED (decimal 237)
   defining Unicode char U+00EE (decimal 238)
   defining Unicode char U+00EF (decimal 239)
   defining Unicode char U+00F0 (decimal 240)
   defining Unicode char U+00F1 (decimal 241)
   defining Unicode char U+00F2 (decimal 242)
   defining Unicode char U+00F3 (decimal 243)
   defining Unicode char U+00F4 (decimal 244)
   defining Unicode char U+00F5 (decimal 245)
   defining Unicode char U+00F6 (decimal 246)
   defining Unicode char U+00F8 (decimal 248)
   defining Unicode char U+00F9 (decimal 249)
   defining Unicode char U+00FA (decimal 250)
   defining Unicode char U+00FB (decimal 251)
   defining Unicode char U+00FC (decimal 252)
   defining Unicode char U+00FD (decimal 253)
   defining Unicode char U+00FE (decimal 254)
   defining Unicode char U+00FF (decimal 255)
   defining Unicode char U+0102 (decimal 258)
   defining Unicode char U+0103 (decimal 259)
   defining Unicode char U+0104 (decimal 260)
   defining Unicode char U+0105 (decimal 261)
   defining Unicode char U+0106 (decimal 262)
   defining Unicode char U+0107 (decimal 263)
   defining Unicode char U+010C (decimal 268)
   defining Unicode char U+010D (decimal 269)
   defining Unicode char U+010E (decimal 270)
   defining Unicode char U+010F (decimal 271)
   defining Unicode char U+0110 (decimal 272)
   defining Unicode char U+0111 (decimal 273)
   defining Unicode char U+0118 (decimal 280)
   defining Unicode char U+0119 (decimal 281)
   defining Unicode char U+011A (decimal 282)
   defining Unicode char U+011B (decimal 283)
   defining Unicode char U+011E (decimal 286)
   defining Unicode char U+011F (decimal 287)
   defining Unicode char U+0130 (decimal 304)
   defining Unicode char U+0131 (decimal 305)
   defining Unicode char U+0132 (decimal 306)
   defining Unicode char U+0133 (decimal 307)
   defining Unicode char U+0139 (decimal 313)
   defining Unicode char U+013A (decimal 314)
   defining Unicode char U+013D (decimal 317)
   defining Unicode char U+013E (decimal 318)
   defining Unicode char U+0141 (decimal 321)
   defining Unicode char U+0142 (decimal 322)
   defining Unicode char U+0143 (decimal 323)
   defining Unicode char U+0144 (decimal 324)
   defining Unicode char U+0147 (decimal 327)
   defining Unicode char U+0148 (decimal 328)
   defining Unicode char U+014A (decimal 330)
   defining Unicode char U+014B (decimal 331)
   defining Unicode char U+0150 (decimal 336)
   defining Unicode char U+0151 (decimal 337)
   defining Unicode char U+0152 (decimal 338)
   defining Unicode char U+0153 (decimal 339)
   defining Unicode char U+0154 (decimal 340)
   defining Unicode char U+0155 (decimal 341)
   defining Unicode char U+0158 (decimal 344)
   defining Unicode char U+0159 (decimal 345)
   defining Unicode char U+015A (decimal 346)
   defining Unicode char U+015B (decimal 347)
   defining Unicode char U+015E (decimal 350)
   defining Unicode char U+015F (decimal 351)
   defining Unicode char U+0160 (decimal 352)
   defining Unicode char U+0161 (decimal 353)
   defining Unicode char U+0162 (decimal 354)
   defining Unicode char U+0163 (decimal 355)
   defining Unicode char U+0164 (decimal 356)
   defining Unicode char U+0165 (decimal 357)
   defining Unicode char U+016E (decimal 366)
   defining Unicode char U+016F (decimal 367)
   defining Unicode char U+0170 (decimal 368)
   defining Unicode char U+0171 (decimal 369)
   defining Unicode char U+0178 (decimal 376)
   defining Unicode char U+0179 (decimal 377)
   defining Unicode char U+017A (decimal 378)
   defining Unicode char U+017B (decimal 379)
   defining Unicode char U+017C (decimal 380)
   defining Unicode char U+017D (decimal 381)
   defining Unicode char U+017E (decimal 382)
   defining Unicode char U+200C (decimal 8204)
   defining Unicode char U+2013 (decimal 8211)
   defining Unicode char U+2014 (decimal 8212)
   defining Unicode char U+2018 (decimal 8216)
   defining Unicode char U+2019 (decimal 8217)
   defining Unicode char U+201A (decimal 8218)
   defining Unicode char U+201C (decimal 8220)
   defining Unicode char U+201D (decimal 8221)
   defining Unicode char U+201E (decimal 8222)
   defining Unicode char U+2030 (decimal 8240)
   defining Unicode char U+2031 (decimal 8241)
   defining Unicode char U+2039 (decimal 8249)
   defining Unicode char U+203A (decimal 8250)
   defining Unicode char U+2423 (decimal 9251)
)
Now handling font encoding OT1 ...
... processing UTF-8 mapping file for font encoding OT1

(/usr/share/texlive/texmf-dist/tex/latex/base/ot1enc.dfu
File: ot1enc.dfu 2008/04/05 v1.1m UTF-8 support for inputenc
   defining Unicode char U+00A1 (decimal 161)
   defining Unicode char U+00A3 (decimal 163)
   defining Unicode char U+00B8 (decimal 184)
   defining Unicode char U+00BF (decimal 191)
   defining Unicode char U+00C5 (decimal 197)
   defining Unicode char U+00C6 (decimal 198)
   defining Unicode char U+00D8 (decimal 216)
   defining Unicode char U+00DF (decimal 223)
   defining Unicode char U+00E6 (decimal 230)
   defining Unicode char U+00EC (decimal 236)
   defining Unicode char U+00ED (decimal 237)
   defining Unicode char U+00EE (decimal 238)
   defining Unicode char U+00EF (decimal 239)
   defining Unicode char U+00F8 (decimal 248)
   defining Unicode char U+0131 (decimal 305)
   defining Unicode char U+0141 (decimal 321)
   defining Unicode char U+0142 (decimal 322)
   defining Unicode char U+0152 (decimal 338)
   defining Unicode char U+0153 (decimal 339)
   defining Unicode char U+2013 (decimal 8211)
   defining Unicode char U+2014 (decimal 8212)
   defining Unicode char U+2018 (decimal 8216)
   defining Unicode char U+2019 (decimal 8217)
   defining Unicode char U+201C (decimal 8220)
   defining Unicode char U+201D (decimal 8221)
)
Now handling font encoding OMS ...
... processing UTF-8 mapping file for font encoding OMS

(/usr/share/texlive/texmf-dist/tex/latex/base/omsenc.dfu
File: omsenc.dfu 2008/04/05 v1.1m UTF-8 support for inputenc
   defining Unicode char U+00A7 (decimal 167)
   defining Unicode char U+00B6 (decimal 182)
   defining Unicode char U+00B7 (decimal 183)
   defining Unicode char U+2020 (decimal 8224)
   defining Unicode char U+2021 (decimal 8225)
   defining Unicode char U+2022 (decimal 8226)
)
Now handling font encoding OMX ...
... no UTF-8 mapping file for font encoding OMX
Now handling font encoding U ...
... no UTF-8 mapping file for font encoding U
   defining Unicode char U+00A9 (decimal 169)
   defining Unicode char U+00AA (decimal 170)
   defining Unicode char U+00AE (decimal 174)
   defining Unicode char U+00BA (decimal 186)
   defining Unicode char U+02C6 (decimal 710)
   defining Unicode char U+02DC (decimal 732)
   defining Unicode char U+200C (decimal 8204)
   defining Unicode char U+2026 (decimal 8230)
   defining Unicode char U+2122 (decimal 8482)
   defining Unicode char U+2423 (decimal 9251)
))
(/usr/share/texlive/texmf-dist/tex/latex/base/makeidx.sty
Package: makeidx 2000/03/29 v1.0m Standard LaTeX package
)
(/usr/share/texlive/texmf-dist/tex/latex/geometry/geometry.sty
Package: geometry 2010/09/12 v5.6 Page Geometry

(/usr/share/texlive/texmf-dist/tex/latex/graphics/keyval.sty
Package: keyval 2014/05/08 v1.15 key=value parser (DPC)
\KV@toks@=\toks16
)
(/usr/share/texlive/texmf-dist/tex/generic/oberdiek/ifpdf.sty
Package: ifpdf 2011/01/30 v2.3 Provides the ifpdf switch (HO)
Package ifpdf Info: pdfTeX in PDF mode is detected.
)
(/usr/share/texlive/texmf-dist/tex/generic/oberdiek/ifvtex.sty
Package: ifvtex 2010/03/01 v1.5 Detect VTeX and its facilities (HO)
Package ifvtex Info: VTeX not detected.
)
(/usr/share/texlive/texmf-dist/tex/generic/ifxetex/ifxetex.sty
Package: ifxetex 2010/09/12 v0.6 Provides ifxetex conditional
)
\Gm@cnth=\count88
\Gm@cntv=\count89
\c@Gm@tempcnt=\count90
\Gm@bindingoffset=\dimen103
\Gm@wd@mp=\dimen104
\Gm@odd@mp=\dimen105
\Gm@even@mp=\dimen106
\Gm@layoutwidth=\dimen107
\Gm@layoutheight=\dimen108
\Gm@layouthoffset=\dimen109
\Gm@layoutvoffset=\dimen110
\Gm@dimlist=\toks17
)
(/usr/share/texlive/texmf-dist/tex/latex/fancyhdr/fancyhdr.sty
\fancy@headwidth=\skip43
\f@ncyO@elh=\skip44
\f@ncyO@erh=\skip45
\f@ncyO@olh=\skip46
\f@ncyO@orh=\skip47
\f@ncyO@elf=\skip48
\f@ncyO@erf=\skip49
\f@ncyO@olf=\skip50
\f@ncyO@orf=\skip51
)
(/usr/share/texlive/texmf-dist/tex/latex/xcolor/xcolor.sty
Package: xcolor 2007/01/21 v2.11 LaTeX color extensions (UK)

(/usr/share/texlive/texmf-dist/tex/latex/latexconfig/color.cfg
File: color.cfg 2007/01/18 v1.5 color configuration of teTeX/TeXLive
)
Package xcolor Info: Driver file: pdftex.def on input line 225.

(/usr/share/texlive/texmf-dist/tex/latex/pdftex-def/pdftex.def
File: pdftex.def 2011/05/27 v0.06d Graphics/color for pdfTeX

(/usr/share/texlive/texmf-dist/tex/generic/oberdiek/infwarerr.sty
Package: infwarerr 2010/04/08 v1.3 Providing info/warning/error messages (HO)
)
(/usr/share/texlive/texmf-dist/tex/generic/oberdiek/ltxcmds.sty
Package: ltxcmds 2011/11/09 v1.22 LaTeX kernel commands for general use (HO)
)
\Gread@gobject=\count91
)
Package xcolor Info: Model `cmy' substituted by `cmy0' on input line 1337.
Package xcolor Info: Model `hsb' substituted by `rgb' on input line 1341.
Package xcolor Info: Model `RGB' extended on input line 1353.
Package xcolor Info: Model `HTML' substituted by `rgb' on input line 1355.
Package xcolor Info: Model `Hsb' substituted by `hsb' on input line 1356.
Package xcolor Info: Model `tHsb' substituted by `hsb' on input line 1357.
Package xcolor Info: Model `HSB' substituted by `hsb' on input line 1358.
Package xcolor Info: Model `Gray' substituted by `gray' on input line 1359.
Package xcolor Info: Model `wave' substituted by `hsb' on input line 1360.
)
(/usr/share/texlive/texmf-dist/tex/latex/graphics/graphicx.sty
Package: graphicx 2014/04/25 v1.0g Enhanced LaTeX Graphics (DPC,SPQR)

(/usr/share/texlive/texmf-dist/tex/latex/graphics/graphics.sty
Package: graphics 2009/02/05 v1.0o Standard LaTeX Graphics (DPC,SPQR)

(/usr/share/texlive/texmf-dist/tex/latex/graphics/trig.sty
Package: trig 1999/03/16 v1.09 sin cos tan (DPC)
)
(/usr/share/texlive/texmf-dist/tex/latex/latexconfig/graphics.cfg
File: graphics.cfg 2010/04/23 v1.9 graphics configuration of TeX Live
)
Package graphics Info: Driver file: pdftex.def on input line 91.
)
\Gin@req@height=\dimen111
\Gin@req@width=\dimen112
)
(/usr/share/texlive/texmf-dist/tex/latex/url/url.sty
\Urlmuskip=\muskip10
Package: url 2013/09/16  ver 3.4  Verb mode for urls, etc.
)
(/usr/share/texlive/texmf-dist/tex/latex/float/float.sty
Package: float 2001/11/08 v1.3d Float enhancements (AL)
\c@float@type=\count92
\float@exts=\toks18
\float@box=\box26
\@float@everytoks=\toks19
\@floatcapt=\box27
)
(/usr/share/texlive/texmf-dist/tex/latex/tools/verbatim.sty
Package: verbatim 2003/08/22 v1.5q LaTeX2e package for verbatim enhancements
\every@verbatim=\toks20
\verbatim@line=\toks21
\verbatim@in@stream=\read1
)
(/home/pablo/texmf/tex/latex/multirow/multirow.sty
\bigstrutjot=\dimen113
)
(/home/pablo/texmf/tex/latex/titlesec/titlesec.sty
Package: titlesec 2011/12/15 v2.10.0 Sectioning titles
\ttl@box=\box28
\beforetitleunit=\skip52
\aftertitleunit=\skip53
\ttl@plus=\dimen114
\ttl@minus=\dimen115
\ttl@toksa=\toks22
\titlewidth=\dimen116
\titlewidthlast=\dimen117
\titlewidthfirst=\dimen118
)
(/home/pablo/texmf/tex/latex/pbox/pbox.sty
Package: pbox 2011/12/07 v1.2 Dynamic parboxes

(/usr/share/texlive/texmf-dist/tex/latex/tools/calc.sty
Package: calc 2007/08/22 v4.3 Infix arithmetic (KKT,FJ)
\calc@Acount=\count93
\calc@Bcount=\count94
\calc@Adimen=\dimen119
\calc@Bdimen=\dimen120
\calc@Askip=\skip54
\calc@Bskip=\skip55
LaTeX Info: Redefining \setlength on input line 75.
LaTeX Info: Redefining \addtolength on input line 76.
\calc@Ccount=\count95
\calc@Cskip=\skip56
)
(/usr/share/texlive/texmf-dist/tex/latex/base/ifthen.sty
Package: ifthen 2001/05/26 v1.1c Standard LaTeX ifthen package (DPC)
)
\pb@xlen=\skip57
)
\@indexfile=\write3
\openout3 = `report.idx'.


Writing index file report.idx
(./report.aux (./abstract.aux) (./introduction.aux) (./soa.aux) (./tech.aux)
(./extensions.aux) (./results.aux))
\openout1 = `report.aux'.

LaTeX Font Info:    Checking defaults for OML/cmm/m/it on input line 51.
LaTeX Font Info:    ... okay on input line 51.
LaTeX Font Info:    Checking defaults for T1/cmr/m/n on input line 51.
LaTeX Font Info:    ... okay on input line 51.
LaTeX Font Info:    Checking defaults for OT1/cmr/m/n on input line 51.
LaTeX Font Info:    ... okay on input line 51.
LaTeX Font Info:    Checking defaults for OMS/cmsy/m/n on input line 51.
LaTeX Font Info:    ... okay on input line 51.
LaTeX Font Info:    Checking defaults for OMX/cmex/m/n on input line 51.
LaTeX Font Info:    ... okay on input line 51.
LaTeX Font Info:    Checking defaults for U/cmr/m/n on input line 51.
LaTeX Font Info:    ... okay on input line 51.

*geometry* driver: auto-detecting
*geometry* detected driver: pdftex
*geometry* verbose mode - [ preamble ] result:
* pass: disregarded the geometry package!
* \paperwidth=614.295pt
* \paperheight=794.96999pt
* \textwidth=390.0pt
* \textheight=548.5pt
* \oddsidemargin=17.0pt
* \evensidemargin=62.0pt
* \topmargin=20.0pt
* \headheight=12.0pt
* \headsep=19.8738pt
* \topskip=12.0pt
* \footskip=30.0pt
* \marginparwidth=0.0pt
* \marginparsep=7.0pt
* \columnsep=10.0pt
* \skip\footins=10.8pt plus 4.0pt minus 2.0pt
* \hoffset=0.0pt
* \voffset=0.0pt
* \mag=1000
* \@twocolumnfalse
* \@twosidetrue
* \@mparswitchtrue
* \@reversemarginfalse
* (1in=72.27pt=25.4mm, 1cm=28.453pt)

(/usr/share/texlive/texmf-dist/tex/context/base/supp-pdf.mkii
[Loading MPS to PDF converter (version 2006.09.02).]
\scratchcounter=\count96
\scratchdimen=\dimen121
\scratchbox=\box29
\nofMPsegments=\count97
\nofMParguments=\count98
\everyMPshowfont=\toks23
\MPscratchCnt=\count99
\MPscratchDim=\dimen122
\MPnumerator=\count100
\makeMPintoPDFobject=\count101
\everyMPtoPDFconversion=\toks24
) (/usr/share/texlive/texmf-dist/tex/generic/oberdiek/pdftexcmds.sty
Package: pdftexcmds 2011/11/29 v0.20 Utility functions of pdfTeX for LuaTeX (HO
)

(/usr/share/texlive/texmf-dist/tex/generic/oberdiek/ifluatex.sty
Package: ifluatex 2010/03/01 v1.3 Provides the ifluatex switch (HO)
Package ifluatex Info: LuaTeX not detected.
)
Package pdftexcmds Info: LuaTeX not detected.
Package pdftexcmds Info: \pdf@primitive is available.
Package pdftexcmds Info: \pdf@ifprimitive is available.
Package pdftexcmds Info: \pdfdraftmode found.
)
(/usr/share/texlive/texmf-dist/tex/latex/oberdiek/epstopdf-base.sty
Package: epstopdf-base 2010/02/09 v2.5 Base part for package epstopdf

(/usr/share/texlive/texmf-dist/tex/latex/oberdiek/grfext.sty
Package: grfext 2010/08/19 v1.1 Manage graphics extensions (HO)

(/usr/share/texlive/texmf-dist/tex/generic/oberdiek/kvdefinekeys.sty
Package: kvdefinekeys 2011/04/07 v1.3 Define keys (HO)
))
(/usr/share/texlive/texmf-dist/tex/latex/oberdiek/kvoptions.sty
Package: kvoptions 2011/06/30 v3.11 Key value format for package options (HO)

(/usr/share/texlive/texmf-dist/tex/generic/oberdiek/kvsetkeys.sty
Package: kvsetkeys 2012/04/25 v1.16 Key value parser (HO)

(/usr/share/texlive/texmf-dist/tex/generic/oberdiek/etexcmds.sty
Package: etexcmds 2011/02/16 v1.5 Avoid name clashes with e-TeX commands (HO)
Package etexcmds Info: Could not find \expanded.
(etexcmds)             That can mean that you are not using pdfTeX 1.50 or
(etexcmds)             that some package has redefined \expanded.
(etexcmds)             In the latter case, load this package earlier.
)))
Package grfext Info: Graphics extension search list:
(grfext)             [.png,.pdf,.jpg,.mps,.jpeg,.jbig2,.jb2,.PNG,.PDF,.JPG,.JPE
G,.JBIG2,.JB2,.eps]
(grfext)             \AppendGraphicsExtensions on input line 452.

(/usr/share/texlive/texmf-dist/tex/latex/latexconfig/epstopdf-sys.cfg
File: epstopdf-sys.cfg 2010/07/13 v1.3 Configuration of (r)epstopdf for TeX Liv
e
))
*geometry* verbose mode - [ newgeometry ] result:
* driver: pdftex
* paper: <default>
* layout: <same size as paper>
* layoutoffset:(h,v)=(0.0pt,0.0pt)
* modes: twoside 
* h-part:(L,W,R)=(71.13188pt, 472.03123pt, 71.13188pt)
* v-part:(T,H,B)=(71.13188pt, 652.70622pt, 71.13188pt)
* \paperwidth=614.295pt
* \paperheight=794.96999pt
* \textwidth=472.03123pt
* \textheight=652.70622pt
* \oddsidemargin=-1.1381pt
* \evensidemargin=-1.1381pt
* \topmargin=-33.0119pt
* \headheight=12.0pt
* \headsep=19.8738pt
* \topskip=12.0pt
* \footskip=30.0pt
* \marginparwidth=0.0pt
* \marginparsep=7.0pt
* \columnsep=10.0pt
* \skip\footins=10.8pt plus 4.0pt minus 2.0pt
* \hoffset=0.0pt
* \voffset=0.0pt
* \mag=1000
* \@twocolumnfalse
* \@twosidetrue
* \@mparswitchtrue
* \@reversemarginfalse
* (1in=72.27pt=25.4mm, 1cm=28.453pt)


(./frontpage.tex <Media/ucmlogo.png, id=1, 1583.9175pt x 1814.78pt>
File: Media/ucmlogo.png Graphic file (type png)

<use Media/ucmlogo.png>
Package pdftex.def Info: Media/ucmlogo.png used on input line 21.
(pdftex.def)             Requested size: 190.06189pt x 217.7642pt.
 <Media/cc.png, id=2, 97.0827pt x 33.9669pt>
File: Media/cc.png Graphic file (type png)

<use Media/cc.png>
Package pdftex.def Info: Media/cc.png used on input line 39.
(pdftex.def)             Requested size: 67.95741pt x 23.77666pt.
 [1



{/var/lib/texmf/fonts/map/pdftex/updmap/pdftex.map} <./Media/ucmlogo.png> <./Me
dia/cc.png>] [2


]
LaTeX Font Info:    External font `cmex10' loaded for size
(Font)              <12> on input line 68.
LaTeX Font Info:    External font `cmex10' loaded for size
(Font)              <8> on input line 68.
LaTeX Font Info:    External font `cmex10' loaded for size
(Font)              <6> on input line 68.
 [3] [4

] (./report.toc [5])
\tf@toc=\write4
\openout4 = `report.toc'.

 [6]
(./report.lof)
\tf@lof=\write5
\openout5 = `report.lof'.

 [7

] (./report.lot)
\tf@lot=\write6
\openout6 = `report.lot'.

 [8])
\openout2 = `abstract.aux'.

 (./abstract.tex [9


] [10

] [11]) [12]
\openout2 = `introduction.aux'.


(./introduction.tex
Chapter 1.

Underfull \vbox (badness 2197) has occurred while \output is active []

 [1



]

Package Fancyhdr Warning: \headheight is too small (12.0pt): 
 Make it at least 14.49998pt.
 We now make it that large for the rest of the document.
 This may cause the page layout to be inconsistent, however.

[2]
LaTeX Font Info:    Try loading font information for OMS+cmr on input line 19.
 (/usr/share/texlive/texmf-dist/tex/latex/base/omscmr.fd
File: omscmr.fd 1999/05/25 v2.5h Standard LaTeX font definitions
)
LaTeX Font Info:    Font shape `OMS/cmr/m/n' in size <12> not available
(Font)              Font shape `OMS/cmsy/m/n' tried instead on input line 19.


Package Fancyhdr Warning: \headheight is too small (12.0pt): 
 Make it at least 14.49998pt.
 We now make it that large for the rest of the document.
 This may cause the page layout to be inconsistent, however.

[3]

Package Fancyhdr Warning: \headheight is too small (12.0pt): 
 Make it at least 14.49998pt.
 We now make it that large for the rest of the document.
 This may cause the page layout to be inconsistent, however.

[4]
Chapter 2.
[5

]

Package Fancyhdr Warning: \headheight is too small (12.0pt): 
 Make it at least 15.71667pt.
 We now make it that large for the rest of the document.
 This may cause the page layout to be inconsistent, however.

[6]

Package Fancyhdr Warning: \headheight is too small (12.0pt): 
 Make it at least 15.71667pt.
 We now make it that large for the rest of the document.
 This may cause the page layout to be inconsistent, however.

[7])

Package Fancyhdr Warning: \headheight is too small (12.0pt): 
 Make it at least 15.71667pt.
 We now make it that large for the rest of the document.
 This may cause the page layout to be inconsistent, however.

[8]
\openout2 = `soa.aux'.

 (./soa.tex
Chapter 3.
<Media/Captures/Soa/iGoogle.png, id=76, 493.845pt x 412.54124pt>
File: Media/Captures/Soa/iGoogle.png Graphic file (type png)

<use Media/Captures/Soa/iGoogle.png>
Package pdftex.def Info: Media/Captures/Soa/iGoogle.png used on input line 10.
(pdftex.def)             Requested size: 296.30928pt x 247.52666pt.

<Media/Captures/Soa/WaveGadgets.png, id=77, 599.23875pt x 396.48125pt>
File: Media/Captures/Soa/WaveGadgets.png Graphic file (type png)

<use Media/Captures/Soa/WaveGadgets.png>
Package pdftex.def Info: Media/Captures/Soa/WaveGadgets.png used on input line 
18.
(pdftex.def)             Requested size: 299.61864pt x 198.24013pt.


LaTeX Warning: `h' float specifier changed to `ht'.


LaTeX Warning: `h' float specifier changed to `ht'.

[9



]
Underfull \vbox (badness 10000) has occurred while \output is active []



Package Fancyhdr Warning: \headheight is too small (12.0pt): 
 Make it at least 14.49998pt.
 We now make it that large for the rest of the document.
 This may cause the page layout to be inconsistent, however.

[10 <./Media/Captures/Soa/iGoogle.png>])

Package Fancyhdr Warning: \headheight is too small (12.0pt): 
 Make it at least 14.49998pt.
 We now make it that large for the rest of the document.
 This may cause the page layout to be inconsistent, however.

[11 <./Media/Captures/Soa/WaveGadgets.png>]
\openout2 = `tech.aux'.

 (./tech.tex [12



]
Chapter 4.
<Media/Captures/Wave/Kune_Groups.png, id=91, 1262.7175pt x 665.48625pt>
File: Media/Captures/Wave/Kune_Groups.png Graphic file (type png)

<use Media/Captures/Wave/Kune_Groups.png>
Package pdftex.def Info: Media/Captures/Wave/Kune_Groups.png used on input line
 12.
(pdftex.def)             Requested size: 328.29881pt x 173.02234pt.
 [13]
<Media/Captures/GWT/gwt_showcase.png, id=96, 748.7975pt x 505.89pt>
File: Media/Captures/GWT/gwt_showcase.png Graphic file (type png)

<use Media/Captures/GWT/gwt_showcase.png>
Package pdftex.def Info: Media/Captures/GWT/gwt_showcase.png used on input line
 22.
(pdftex.def)             Requested size: 299.51369pt x 202.3524pt.

Underfull \vbox (badness 1303) has occurred while \output is active []



Package Fancyhdr Warning: \headheight is too small (12.0pt): 
 Make it at least 14.49998pt.
 We now make it that large for the rest of the document.
 This may cause the page layout to be inconsistent, however.

[14 <./Media/Captures/Wave/Kune_Groups.png>]
Underfull \vbox (badness 6859) has occurred while \output is active []



Package Fancyhdr Warning: \headheight is too small (12.0pt): 
 Make it at least 14.49998pt.
 We now make it that large for the rest of the document.
 This may cause the page layout to be inconsistent, however.

[15 <./Media/Captures/GWT/gwt_showcase.png>]
<Media/logos.png, id=105, 642.4pt x 401.5pt>
File: Media/logos.png Graphic file (type png)
 <use Media/logos.png>
Package pdftex.def Info: Media/logos.png used on input line 40.
(pdftex.def)             Requested size: 289.07733pt x 180.67332pt.
LaTeX Font Info:    External font `cmex10' loaded for size
(Font)              <7> on input line 47.
LaTeX Font Info:    External font `cmex10' loaded for size
(Font)              <5> on input line 47.


LaTeX Warning: `h' float specifier changed to `ht'.


Package Fancyhdr Warning: \headheight is too small (12.0pt): 
 Make it at least 14.49998pt.
 We now make it that large for the rest of the document.
 This may cause the page layout to be inconsistent, however.

[16]

Package Fancyhdr Warning: \headheight is too small (12.0pt): 
 Make it at least 14.49998pt.
 We now make it that large for the rest of the document.
 This may cause the page layout to be inconsistent, however.

[17 <./Media/logos.png>]
<Media/Diagrams/Wave/Structure.png, id=115, 284.06125pt x 256.96pt>
File: Media/Diagrams/Wave/Structure.png Graphic file (type png)

<use Media/Diagrams/Wave/Structure.png>
Package pdftex.def Info: Media/Diagrams/Wave/Structure.png used on input line 9
4.
(pdftex.def)             Requested size: 198.84149pt x 179.87076pt.

Underfull \vbox (badness 10000) has occurred while \output is active []



Package Fancyhdr Warning: \headheight is too small (12.0pt): 
 Make it at least 14.49998pt.
 We now make it that large for the rest of the document.
 This may cause the page layout to be inconsistent, however.

[18]
Underfull \vbox (badness 3623) has occurred while \output is active []



Package Fancyhdr Warning: \headheight is too small (12.0pt): 
 Make it at least 14.49998pt.
 We now make it that large for the rest of the document.
 This may cause the page layout to be inconsistent, however.

[19 <./Media/Diagrams/Wave/Structure.png>]

Package Fancyhdr Warning: \headheight is too small (12.0pt): 
 Make it at least 14.49998pt.
 We now make it that large for the rest of the document.
 This may cause the page layout to be inconsistent, however.

[20]
Chapter 5.
<Media/Diagrams/Wave/StateSequence.png, id=127, 645.41125pt x 241.90375pt>
File: Media/Diagrams/Wave/StateSequence.png Graphic file (type png)

<use Media/Diagrams/Wave/StateSequence.png>
Package pdftex.def Info: Media/Diagrams/Wave/StateSequence.png used on input li
ne 115.
(pdftex.def)             Requested size: 387.24974pt x 145.14336pt.
 [21

]
<Media/Diagrams/Gadget/Gadget.png, id=131, 655.44875pt x 226.8475pt>
File: Media/Diagrams/Gadget/Gadget.png Graphic file (type png)

<use Media/Diagrams/Gadget/Gadget.png>
Package pdftex.def Info: Media/Diagrams/Gadget/Gadget.png used on input line 12
2.
(pdftex.def)             Requested size: 327.72357pt x 113.42346pt.


LaTeX Warning: `h' float specifier changed to `ht'.


Package Fancyhdr Warning: \headheight is too small (12.0pt): 
 Make it at least 27.18335pt.
 We now make it that large for the rest of the document.
 This may cause the page layout to be inconsistent, however.

[22 <./Media/Diagrams/Wave/StateSequence.png>]
<Media/Diagrams/Gadget/Tester.png, id=136, 565.11125pt x 266.9975pt>
File: Media/Diagrams/Gadget/Tester.png Graphic file (type png)

<use Media/Diagrams/Gadget/Tester.png>
Package pdftex.def Info: Media/Diagrams/Gadget/Tester.png used on input line 13
5.
(pdftex.def)             Requested size: 282.55493pt x 133.49841pt.

<Media/Diagrams/Gadget/Deployer.png, id=137, 595.22375pt x 307.1475pt>
File: Media/Diagrams/Gadget/Deployer.png Graphic file (type png)

<use Media/Diagrams/Gadget/Deployer.png>
Package pdftex.def Info: Media/Diagrams/Gadget/Deployer.png used on input line 
142.
(pdftex.def)             Requested size: 297.61115pt x 153.57336pt.


Package Fancyhdr Warning: \headheight is too small (12.0pt): 
 Make it at least 27.18335pt.
 We now make it that large for the rest of the document.
 This may cause the page layout to be inconsistent, however.

[23 <./Media/Diagrams/Gadget/Gadget.png> <./Media/Diagrams/Gadget/Tester.png>]

Package Fancyhdr Warning: \headheight is too small (12.0pt): 
 Make it at least 27.18335pt.
 We now make it that large for the rest of the document.
 This may cause the page layout to be inconsistent, however.

[24 <./Media/Diagrams/Gadget/Deployer.png>]
Overfull \hbox (8.60092pt too wide) in paragraph at lines 151--152
\OT1/cmr/m/n/12 it by adding the fol-low-ing line: []\OT1/cmtt/m/n/12 ``render_
token_required'' : false,\OT1/cmr/m/n/12 . 
 []


Overfull \hbox (53.81058pt too wide) in paragraph at lines 152--153
[]\OT1/cmtt/m/n/12 gadget_server_hostname \OT1/cmr/m/n/12 to the host run-ning 
Shindig, and []\OT1/cmtt/m/n/12 gadget_server_port
 []

<Media/Captures/Wave/RegisterRobot.png, id=147, 407.5225pt x 76.285pt>
File: Media/Captures/Wave/RegisterRobot.png Graphic file (type png)

<use Media/Captures/Wave/RegisterRobot.png>
Package pdftex.def Info: Media/Captures/Wave/RegisterRobot.png used on input li
ne 159.
(pdftex.def)             Requested size: 244.51538pt x 45.77135pt.


Package Fancyhdr Warning: \headheight is too small (12.0pt): 
 Make it at least 27.18335pt.
 We now make it that large for the rest of the document.
 This may cause the page layout to be inconsistent, however.

[25 <./Media/Captures/Wave/RegisterRobot.png>])

Package Fancyhdr Warning: \headheight is too small (12.0pt): 
 Make it at least 27.18335pt.
 We now make it that large for the rest of the document.
 This may cause the page layout to be inconsistent, however.

[26]

Package Fancyhdr Warning: \headheight is too small (12.0pt): 
 Make it at least 27.18335pt.
 We now make it that large for the rest of the document.
 This may cause the page layout to be inconsistent, however.

[27]
\openout2 = `extensions.aux'.

 (./extensions.tex (./ccGadget.tex [28



]
Chapter 6.

Overfull \hbox (8.16673pt too wide) in paragraph at lines 5--8
\OT1/cmr/m/n/12 P2Pvalue wiki's ar-ti-cle re-gard-ing Gad-get De-vel-op-ment th
e need for an OpenSo-
 []

[29]
<Media/Captures/Extensions/CCGadget.png, id=165, 462.72874pt x 250.9375pt>
File: Media/Captures/Extensions/CCGadget.png Graphic file (type png)

<use Media/Captures/Extensions/CCGadget.png>
Package pdftex.def Info: Media/Captures/Extensions/CCGadget.png used on input l
ine 42.
(pdftex.def)             Requested size: 323.90791pt x 175.65504pt.


Package Fancyhdr Warning: \headheight is too small (12.0pt): 
 Make it at least 14.49998pt.
 We now make it that large for the rest of the document.
 This may cause the page layout to be inconsistent, however.

[30]
Underfull \hbox (badness 10000) in paragraph at lines 46--47

 []


Package Fancyhdr Warning: \headheight is too small (12.0pt): 
 Make it at least 14.49998pt.
 We now make it that large for the rest of the document.
 This may cause the page layout to be inconsistent, however.

[31 <./Media/Captures/Extensions/CCGadget.png>]

Package Fancyhdr Warning: \headheight is too small (12.0pt): 
 Make it at least 14.49998pt.
 We now make it that large for the rest of the document.
 This may cause the page layout to be inconsistent, however.

[32]) (./decisionMaker.tex
Chapter 7.

<Media/Captures/Extensions/DecisionGadgets/other.png, id=177, 289.83281pt x 69.
25874pt>
File: Media/Captures/Extensions/DecisionGadgets/other.png Graphic file (type pn
g)
 <use Media/Captures/Extensions/DecisionGadgets/other.png>
Package pdftex.def Info: Media/Captures/Extensions/DecisionGadgets/other.png us
ed on input line 13.
(pdftex.def)             Requested size: 202.88158pt x 48.48077pt.

<Media/Captures/Extensions/DecisionGadgets/consensuall.png, id=178, 419.31656pt
 x 154.32657pt>
File: Media/Captures/Extensions/DecisionGadgets/consensuall.png Graphic file (t
ype png)

<use Media/Captures/Extensions/DecisionGadgets/consensuall.png>
Package pdftex.def Info: Media/Captures/Extensions/DecisionGadgets/consensuall.
png used on input line 20.
(pdftex.def)             Requested size: 293.51958pt x 108.02785pt.

Underfull \hbox (badness 10000) in paragraph at lines 17--23

 []

[33

 <./Media/Captures/Extensions/DecisionGadgets/other.png>]
<Media/Captures/Extensions/DecisionMakerGadget.png, id=182, 613.29124pt x 405.5
15pt>
File: Media/Captures/Extensions/DecisionMakerGadget.png Graphic file (type png)

 <use Media/Captures/Extensions/DecisionMakerGadget.png>
Package pdftex.def Info: Media/Captures/Extensions/DecisionMakerGadget.png used
 on input line 30.
(pdftex.def)             Requested size: 162.5214pt x 107.46095pt.

<Media/Diagrams/Gadget/DecisionMaker.png, id=183, 399.4925pt x 337.26pt>
File: Media/Diagrams/Gadget/DecisionMaker.png Graphic file (type png)

<use Media/Diagrams/Gadget/DecisionMaker.png>
Package pdftex.def Info: Media/Diagrams/Gadget/DecisionMaker.png used on input 
line 38.
(pdftex.def)             Requested size: 199.74576pt x 168.62958pt.

Underfull \hbox (badness 10000) in paragraph at lines 34--41

 []


Package Fancyhdr Warning: \headheight is too small (12.0pt): 
 Make it at least 14.49998pt.
 We now make it that large for the rest of the document.
 This may cause the page layout to be inconsistent, however.

[34 <./Media/Captures/Extensions/DecisionGadgets/consensuall.png> <./Media/Capt
ures/Extensions/DecisionMakerGadget.png>]
<Media/Captures/Extensions/DecisionMakerGadget_votes.png, id=188, 613.29124pt x
 405.515pt>
File: Media/Captures/Extensions/DecisionMakerGadget_votes.png Graphic file (typ
e png)
 <use Media/Captures/Extensions/DecisionMakerGadget_votes.png>
Package pdftex.def Info: Media/Captures/Extensions/DecisionMakerGadget_votes.pn
g used on input line 45.
(pdftex.def)             Requested size: 214.65514pt x 141.93236pt.

Underfull \hbox (badness 10000) in paragraph at lines 42--48

 []


Underfull \vbox (badness 10000) has occurred while \output is active []



Package Fancyhdr Warning: \headheight is too small (12.0pt): 
 Make it at least 14.49998pt.
 We now make it that large for the rest of the document.
 This may cause the page layout to be inconsistent, however.

[35 <./Media/Diagrams/Gadget/DecisionMaker.png>]) (./videoConference.tex
[36 <./Media/Captures/Extensions/DecisionMakerGadget_votes.png>]

Package Fancyhdr Warning: \headheight is too small (12.0pt): 
 Make it at least 14.49998pt.
 We now make it that large for the rest of the document.
 This may cause the page layout to be inconsistent, however.

[37]

Package Fancyhdr Warning: \headheight is too small (12.0pt): 
 Make it at least 14.49998pt.
 We now make it that large for the rest of the document.
 This may cause the page layout to be inconsistent, however.

[38

]
Chapter 8.
<Media/Captures/Soa/skype_hangouts.png, id=205, 892.33376pt x 468.75125pt>
File: Media/Captures/Soa/skype_hangouts.png Graphic file (type png)

<use Media/Captures/Soa/skype_hangouts.png>
Package pdftex.def Info: Media/Captures/Soa/skype_hangouts.png used on input li
ne 12.
(pdftex.def)             Requested size: 383.69604pt x 201.5591pt.


LaTeX Warning: `h' float specifier changed to `ht'.


<Media/Captures/Extensions/VideoGadget/RoomSelection.png, id=206, 205.76875pt x
 22.0825pt>
File: Media/Captures/Extensions/VideoGadget/RoomSelection.png Graphic file (typ
e png)
 <use Media/Captures/Extensions/VideoGadget/RoomSelection.png>
Package pdftex.def Info: Media/Captures/Extensions/VideoGadget/RoomSelection.pn
g used on input line 22.
(pdftex.def)             Requested size: 164.6152pt x 17.666pt.

<Media/Captures/Extensions/VideoGadget.png, id=207, 541.02126pt x 502.87875pt>
File: Media/Captures/Extensions/VideoGadget.png Graphic file (type png)

<use Media/Captures/Extensions/VideoGadget.png>
Package pdftex.def Info: Media/Captures/Extensions/VideoGadget.png used on inpu
t line 29.
(pdftex.def)             Requested size: 243.4573pt x 226.29333pt.

<Media/Diagrams/Gadget/VideoSequence.png, id=208, 464.73625pt x 277.035pt>
File: Media/Diagrams/Gadget/VideoSequence.png Graphic file (type png)

<use Media/Diagrams/Gadget/VideoSequence.png>
Package pdftex.def Info: Media/Diagrams/Gadget/VideoSequence.png used on input 
line 39.
(pdftex.def)             Requested size: 278.84389pt x 166.22227pt.

Underfull \vbox (badness 10000) has occurred while \output is active []

 [39]

LaTeX Warning: `h' float specifier changed to `ht'.


Package Fancyhdr Warning: \headheight is too small (12.0pt): 
 Make it at least 14.49998pt.
 We now make it that large for the rest of the document.
 This may cause the page layout to be inconsistent, however.

[40 <./Media/Captures/Soa/skype_hangouts.png> <./Media/Captures/Extensions/Vide
oGadget/RoomSelection.png>]

LaTeX Warning: `h' float specifier changed to `ht'.


Underfull \vbox (badness 10000) has occurred while \output is active []



Package Fancyhdr Warning: \headheight is too small (12.0pt): 
 Make it at least 14.49998pt.
 We now make it that large for the rest of the document.
 This may cause the page layout to be inconsistent, however.

[41 <./Media/Captures/Extensions/VideoGadget.png>]

Package Fancyhdr Warning: \headheight is too small (12.0pt): 
 Make it at least 14.49998pt.
 We now make it that large for the rest of the document.
 This may cause the page layout to be inconsistent, however.

[42 <./Media/Diagrams/Gadget/VideoSequence.png>]) (./colorizer.tex
Chapter 9.
<Media/Captures/Wave/Participants.png, id=225, 366.36874pt x 27.10126pt>
File: Media/Captures/Wave/Participants.png Graphic file (type png)

<use Media/Captures/Wave/Participants.png>
Package pdftex.def Info: Media/Captures/Wave/Participants.png used on input lin
e 14.
(pdftex.def)             Requested size: 256.45636pt x 18.97073pt.

<Media/Captures/Wave/Participants2.png, id=226, 110.4125pt x 53.19875pt>
File: Media/Captures/Wave/Participants2.png Graphic file (type png)

<use Media/Captures/Wave/Participants2.png>
Package pdftex.def Info: Media/Captures/Wave/Participants2.png used on input li
ne 21.
(pdftex.def)             Requested size: 77.28821pt x 37.23886pt.
 [43

 <./Media/Captures/Wave/Participants.png>] <Media/Captures/Soa/TitanPad.png, id
=232, 702.625pt x 449.68pt>
File: Media/Captures/Soa/TitanPad.png Graphic file (type png)

<use Media/Captures/Soa/TitanPad.png>
Package pdftex.def Info: Media/Captures/Soa/TitanPad.png used on input line 28.

(pdftex.def)             Requested size: 281.04501pt x 179.8688pt.

<Media/Captures/Extensions/Colorizer/ColorizerEditions.png, id=233, 331.2375pt 
x 124.465pt>
File: Media/Captures/Extensions/Colorizer/ColorizerEditions.png Graphic file (t
ype png)
 <use Media/Captures/Extensions/Colorizer/ColorizerEditions.png>
Package pdftex.def Info: Media/Captures/Extensions/Colorizer/ColorizerEditions.
png used on input line 37.
(pdftex.def)             Requested size: 264.99034pt x 99.57213pt.


Package Fancyhdr Warning: \headheight is too small (12.0pt): 
 Make it at least 14.49998pt.
 We now make it that large for the rest of the document.
 This may cause the page layout to be inconsistent, however.

[44 <./Media/Captures/Wave/Participants2.png> <./Media/Captures/Soa/TitanPad.pn
g>]
<Media/Captures/Extensions/Colorizer/ColorizerEditors.png, id=239, 380.42125pt 
x 164.615pt>
File: Media/Captures/Extensions/Colorizer/ColorizerEditors.png Graphic file (ty
pe png)
 <use Media/Captures/Extensions/Colorizer/ColorizerEditors.png>
Package pdftex.def Info: Media/Captures/Extensions/Colorizer/ColorizerEditors.p
ng used on input line 44.
(pdftex.def)             Requested size: 266.29305pt x 115.2297pt.

Underfull \hbox (badness 10000) in paragraph at lines 41--47

 []

<Media/Diagrams/Robot/Colorizer.png, id=240, 424.58624pt x 387.4475pt>
File: Media/Diagrams/Robot/Colorizer.png Graphic file (type png)

<use Media/Diagrams/Robot/Colorizer.png>
Package pdftex.def Info: Media/Diagrams/Robot/Colorizer.png used on input line 
51.
(pdftex.def)             Requested size: 212.2926pt x 193.72327pt.

Underfull \hbox (badness 10000) in paragraph at lines 48--54

 []


Package Fancyhdr Warning: \headheight is too small (12.0pt): 
 Make it at least 14.49998pt.
 We now make it that large for the rest of the document.
 This may cause the page layout to be inconsistent, however.

[45 <./Media/Captures/Extensions/Colorizer/ColorizerEditions.png> <./Media/Capt
ures/Extensions/Colorizer/ColorizerEditors.png>]
<Media/Diagrams/Robot/RobotActivity.png, id=246, 404.51125pt x 417.56pt>
File: Media/Diagrams/Robot/RobotActivity.png Graphic file (type png)

<use Media/Diagrams/Robot/RobotActivity.png>
Package pdftex.def Info: Media/Diagrams/Robot/RobotActivity.png used on input l
ine 59.
(pdftex.def)             Requested size: 262.92918pt x 271.41077pt.

Overfull \hbox (14.27452pt too wide) in paragraph at lines 55--64
\OT1/cmr/m/n/12 Fig-ure 9.6[] rep-re-sents the class struc-ture of the Col-oriz
er Robot. The HttpServlet
 []


LaTeX Warning: `h' float specifier changed to `ht'.


Package Fancyhdr Warning: \headheight is too small (12.0pt): 
 Make it at least 14.49998pt.
 We now make it that large for the rest of the document.
 This may cause the page layout to be inconsistent, however.

[46 <./Media/Diagrams/Robot/Colorizer.png>]))

Package Fancyhdr Warning: \headheight is too small (12.0pt): 
 Make it at least 14.49998pt.
 We now make it that large for the rest of the document.
 This may cause the page layout to be inconsistent, however.

[47 <./Media/Diagrams/Robot/RobotActivity.png>]

Package Fancyhdr Warning: \headheight is too small (12.0pt): 
 Make it at least 14.49998pt.
 We now make it that large for the rest of the document.
 This may cause the page layout to be inconsistent, however.

[48]
\openout2 = `results.aux'.

 (./results.tex
Chapter 10.

Underfull \hbox (badness 10000) in paragraph at lines 15--15
[]\OT1/cmr/bx/n/10 Interacts
 []


Overfull \hbox (4.20543pt too wide) in paragraph at lines 15--16
[]\OT1/cmr/bx/n/10 Contributions| 
 []


Underfull \hbox (badness 10000) in paragraph at lines 17--17
[]\OT1/cmr/m/n/10 D1.3 De-sign
 []


Underfull \hbox (badness 10000) in paragraph at lines 17--17
\OT1/cmr/m/n/10 Guide-lines
 []


Underfull \hbox (badness 10000) in paragraph at lines 17--17
\OT1/cmr/m/n/10 (Sec-tion Le-gal
 []


Underfull \hbox (badness 10000) in paragraph at lines 17--17
[]\OT1/cmr/m/n/10 Choose a
 []


Underfull \hbox (badness 10000) in paragraph at lines 17--17
\OT1/cmr/m/n/10 Cre-ative
 []


Underfull \hbox (badness 10000) in paragraph at lines 17--17
\OT1/cmr/m/n/10 Com-mons
 []


Underfull \hbox (badness 10000) in paragraph at lines 17--17
\OT1/cmr/m/n/10 Li-cense for
 []


Underfull \hbox (badness 10000) in paragraph at lines 17--17
\OT1/cmr/m/n/10 the con-tent
 []


Underfull \hbox (badness 10000) in paragraph at lines 17--18
[]\OT1/cmr/m/n/10 Gadget De-
 []


Underfull \hbox (badness 10000) in paragraph at lines 17--18
\OT1/cmr/m/n/10 vel-op-ment
 []


Underfull \hbox (badness 10000) in paragraph at lines 17--18
\OT1/cmr/m/n/10 Tu-to-rial [[]],
 []


Underfull \hbox (badness 10000) in paragraph at lines 19--19
[]\OT1/cmr/m/n/10 D1.3 De-sign
 []


Underfull \hbox (badness 10000) in paragraph at lines 19--19
\OT1/cmr/m/n/10 tion Tech-ni-cal
 []


Underfull \hbox (badness 10000) in paragraph at lines 19--19
[]\OT1/cmr/m/n/10 Poll users
 []


Underfull \hbox (badness 10000) in paragraph at lines 19--19
\OT1/cmr/m/n/10 about a
 []


Underfull \hbox (badness 3471) in paragraph at lines 19--20
\OT1/cmr/m/n/10 op-ment Tu-to-
 []


Underfull \hbox (badness 10000) in paragraph at lines 21--21
[]\OT1/cmr/m/n/10 D1.3 De-sign
 []


Underfull \hbox (badness 10000) in paragraph at lines 21--21
\OT1/cmr/m/n/10 tion Tech-ni-cal
 []


Underfull \hbox (badness 10000) in paragraph at lines 21--22
[]\OT1/cmr/m/n/10 AppearWOW
 []


Underfull \hbox (badness 10000) in paragraph at lines 23--23
[]\OT1/cmr/m/n/10 D1.3 De-sign
 []


Underfull \hbox (badness 10000) in paragraph at lines 23--23
\OT1/cmr/m/n/10 tion Eco-nomic
 []


Underfull \hbox (badness 10000) in paragraph at lines 23--23
[]\OT1/cmr/m/n/10 Highlight
 []


Underfull \hbox (badness 10000) in paragraph at lines 23--23
[]\OT1/cmr/m/n/10 Robots API,
 []


Underfull \hbox (badness 10000) in paragraph at lines 23--24
[]\OT1/cmr/m/n/10 Development
 []


Underfull \hbox (badness 10000) in paragraph at lines 23--24
\OT1/cmr/m/n/10 Tu-to-rial
 []


Underfull \hbox (badness 10000) in paragraph at lines 23--24
\OT1/cmr/m/n/10 [[]], Sam-
 []


Underfull \hbox (badness 1436) in paragraph at lines 23--24
\OT1/cmr/m/n/10 ple README
 []


Underfull \hbox (badness 10000) in paragraph at lines 23--24
\OT1/cmr/m/n/10 tion Pro-cess
 []


Underfull \hbox (badness 2726) in paragraph at lines 23--24
\OT1/cmr/m/n/10 [[]], Col-bo-tia
 []


Overfull \hbox (3.66376pt too wide) in paragraph at lines 13--26
 [] 
 []

[49



]
Underfull \vbox (badness 10000) has occurred while \output is active []



Package Fancyhdr Warning: \headheight is too small (12.0pt): 
 Make it at least 14.49998pt.
 We now make it that large for the rest of the document.
 This may cause the page layout to be inconsistent, however.

[50]
Underfull \vbox (badness 10000) has occurred while \output is active []



Package Fancyhdr Warning: \headheight is too small (12.0pt): 
 Make it at least 14.49998pt.
 We now make it that large for the rest of the document.
 This may cause the page layout to be inconsistent, however.

[51]) [52] (./report.bbl [53


]
Underfull \hbox (badness 10000) in paragraph at lines 68--73
\OT1/cmr/m/n/12 The Wall Street Jour-nal: $\OT1/cmtt/m/n/12 online . wsj . com 
/ news / articles /
 []


Underfull \hbox (badness 10000) in paragraph at lines 109--113
\OT1/cmtt/m/n/12 http : / / www . waveprotocol . org / wave-[]apis /
 []

[54]
Underfull \hbox (badness 10000) in paragraph at lines 151--155
\OT1/cmtt/m/n/12 http : / / wave-[]protocol . googlecode . com / hg / whitepape
rs /
 []


Underfull \hbox (badness 10000) in paragraph at lines 157--161
\OT1/cmtt/m/n/12 http : / / wave-[]protocol . googlecode . com / hg / spec / fe
deration /
 []


Underfull \hbox (badness 10000) in paragraph at lines 168--173
\OT1/cmr/m/n/12 Available at $\OT1/cmtt/m/n/12 https : / / blog . itu . dk / MM
AD-[]F2013 / files / 2013 / 02 /
 []


Overfull \hbox (77.07774pt too wide) in paragraph at lines 168--173
\OT1/cmtt/m/n/12 3-[]inversion-[]of-[]control-[]containers-[]and-[]the-[]depend
ency-[]injection-[]pattern .
 []

[55]
Underfull \hbox (badness 10000) in paragraph at lines 194--198
\OT1/cmtt/m/n/12 http : / / grasia . fdi . ucm . es / p2pvalue / redmine / proj
ects / kune /
 []


Underfull \hbox (badness 1122) in paragraph at lines 204--210
[]\OT1/cmr/m/n/12 Antonio Tenorio-Forn^^Ses and Samer Has-san.  To-wards an Age
nt-
 []


Underfull \hbox (badness 10000) in paragraph at lines 221--225
\OT1/cmtt/m/n/12 http : / / grasia . fdi . ucm . es / p2pvalue / redmine / proj
ects / kune /
 []


Underfull \hbox (badness 10000) in paragraph at lines 227--231
\OT1/cmtt/m/n/12 https : / / gitorious . org / p2pvalue / waverobotbasicsample 
/ source /
 []


Underfull \hbox (badness 10000) in paragraph at lines 233--237
\OT1/cmtt/m/n/12 http : / / grasia . fdi . ucm . es / p2pvalue / redmine / proj
ects / kune /
 []


Underfull \hbox (badness 10000) in paragraph at lines 239--242
\OT1/cmtt/m/n/12 https : / / github . com / End-[]of-[]degree-[]project /
 []

[56]
Underfull \hbox (badness 10000) in paragraph at lines 244--247
\OT1/cmtt/m/n/12 https : / / github . com / End-[]of-[]degree-[]project /
 []


Underfull \hbox (badness 10000) in paragraph at lines 249--252
\OT1/cmtt/m/n/12 https : / / github . com / End-[]of-[]degree-[]project /
 []


Underfull \hbox (badness 10000) in paragraph at lines 258--263
\OT1/cmtt/m/n/12 http : / / www . i-[]programmer . info / news / 86-[]browsers 
/
 []

) [57] (./report.aux (./abstract.aux) (./introduction.aux) (./soa.aux)
(./tech.aux) (./extensions.aux) (./results.aux)) ) 
Here is how much of TeX's memory you used:
 3747 strings out of 495021
 53641 string characters out of 6181344
 124093 words of memory out of 5000000
 6788 multiletter control sequences out of 15000+600000
 9930 words of font info for 35 fonts, out of 8000000 for 9000
 14 hyphenation exceptions out of 8191
 38i,15n,43p,1121b,426s stack positions out of 5000i,500n,10000p,200000b,80000s
</usr/share/texlive/texmf-dis
t/fonts/type1/public/amsfonts/cm/cmbx10.pfb></usr/share/texlive/texmf-dist/font
s/type1/public/amsfonts/cm/cmbx12.pfb></usr/share/texlive/texmf-dist/fonts/type
1/public/amsfonts/cm/cmr10.pfb></usr/share/texlive/texmf-dist/fonts/type1/publi
c/amsfonts/cm/cmr12.pfb></usr/share/texlive/texmf-dist/fonts/type1/public/amsfo
nts/cm/cmr17.pfb></usr/share/texlive/texmf-dist/fonts/type1/public/amsfonts/cm/
cmsy10.pfb></usr/share/texlive/texmf-dist/fonts/type1/public/amsfonts/cm/cmti12
.pfb></usr/share/texlive/texmf-dist/fonts/type1/public/amsfonts/cm/cmtt12.pfb>
Output written on report.pdf (69 pages, 2489494 bytes).
PDF statistics:
 317 PDF objects out of 1000 (max. 8388607)
 179 compressed objects within 2 object streams
 0 named destinations out of 1000 (max. 500000)
 151 words of extra memory for PDF output out of 10000 (max. 10000000)

